<?xml version="1.0" encoding="UTF-8"?>
<!-- Generated by org.testng.reporters.JUnitReportReporter -->
<testsuite hostname="Sravani" failures="0" tests="4" name="com.myntrajio.RegisterTest.RegisterTest" time="3.389" errors="0" timestamp="2024-09-12T10:03:04 IST" skipped="0">
  <testcase classname="com.myntrajio.RegisterTest.RegisterTest" name="registerValidData" time="3.359"/>
  <system-out>
    <![CDATA[Register With Valid Data Sucess]]>
  </system-out>
  <testcase classname="com.myntrajio.RegisterTest.RegisterTest" name="validateRegisterButtonSize" time="0.008"/>
  <system-out>
    <![CDATA[RegisterButtonSize Validated ]]>
  </system-out>
  <testcase classname="com.myntrajio.RegisterTest.RegisterTest" name="validateRegisterButtonColor" time="0.010"/>
  <system-out>
    <![CDATA[RegisterButtonColor Validated ]]>
  </system-out>
  <testcase classname="com.myntrajio.RegisterTest.RegisterTest" name="validateRegisterButtonPosition" time="0.012"/>
  <system-out>
    <![CDATA[RegisterButtonPositionValidated ]]>
  </system-out>
</testsuite> <!-- com.myntrajio.RegisterTest.RegisterTest -->
