<?xml version="1.0" encoding="UTF-8"?>
<!-- Generated by org.testng.reporters.JUnitReportReporter -->
<testsuite hostname="Sravani" failures="0" tests="4" name="com.myntrajio.RegisterTest.RegisterTest" time="3.115" errors="0" timestamp="2024-09-11T16:47:51 IST" skipped="0">
  <testcase classname="com.myntrajio.RegisterTest.RegisterTest" name="RegisterValidData" time="3.094"/>
  <system-out>
    <![CDATA[Register valid data success]]>
  </system-out>
  <testcase classname="com.myntrajio.RegisterTest.RegisterTest" name="ValidateRegisterButtonPosition" time="0.012"/>
  <system-out>
    <![CDATA[validated sucess]]>
  </system-out>
  <testcase classname="com.myntrajio.RegisterTest.RegisterTest" name="ValidateRegisterButtonSize" time="0.006"/>
  <system-out>
    <![CDATA[validated sucess]]>
  </system-out>
  <testcase classname="com.myntrajio.RegisterTest.RegisterTest" name="ValidateRegisterButtonColor" time="0.003"/>
  <system-out>
    <![CDATA[validated sucess]]>
  </system-out>
</testsuite> <!-- com.myntrajio.RegisterTest.RegisterTest -->
