<?xml version="1.0" encoding="UTF-8"?>
<!-- Generated by org.testng.reporters.JUnitReportReporter -->
<testsuite hostname="Sravani" failures="0" tests="1" name="com.myntrajio.RegisterTest.RegisterTest" time="1.039" errors="0" timestamp="2024-08-29T15:44:05 IST" skipped="0">
  <testcase classname="com.myntrajio.RegisterTest.RegisterTest" name="RegisterValidData" time="1.039"/>
  <system-out>
    <![CDATA[Register valid data success]]>
  </system-out>
</testsuite> <!-- com.myntrajio.RegisterTest.RegisterTest -->
